# JRE version: OpenJDK Runtime Environment (8.0_171-b11) (build 1.8.0_171-8u171-b11-0ubuntu0.17.10.1-b11)
# Java VM: OpenJDK 64-Bit Server VM (25.171-b11 mixed mode linux-amd64 compressed oops)
Heap:
 PSYoungGen      total 1117696K, used 10305K [0x000000076d100000, 0x00000007b3400000, 0x00000007c0000000)
  eden space 1089536K, 0% used [0x000000076d100000,0x000000076d100000,0x00000007af900000)
  from space 28160K, 36% used [0x00000007afd00000,0x00000007b0710700,0x00000007b1880000)
  to   space 7680K, 0% used [0x00000007b2c80000,0x00000007b2c80000,0x00000007b3400000)
 ParOldGen       total 207872K, used 41360K [0x00000006c7200000, 0x00000006d3d00000, 0x000000076d100000)
  object space 207872K, 19% used [0x00000006c7200000,0x00000006c9a641f0,0x00000006d3d00000)
 Metaspace       used 63711K, capacity 64558K, committed 64792K, reserved 1105920K
  class space    used 7653K, capacity 7859K, committed 7984K, reserved 1048576K
GC Heap History (10 events):
Event: 1670.379 GC heap after
Heap after GC invocations=17 (full 2):
 PSYoungGen      total 658944K, used 9543K [0x000000076d100000, 0x00000007a6800000, 0x00000007c0000000)
  eden space 628224K, 0% used [0x000000076d100000,0x000000076d100000,0x0000000793680000)
  from space 30720K, 31% used [0x0000000793680000,0x0000000793fd1f58,0x0000000795480000)
  to   space 29696K, 0% used [0x00000007a4b00000,0x00000007a4b00000,0x00000007a6800000)
 ParOldGen       total 172032K, used 52832K [0x00000006c7200000, 0x00000006d1a00000, 0x000000076d100000)
  object space 172032K, 30% used [0x00000006c7200000,0x00000006ca598108,0x00000006d1a00000)
 Metaspace       used 58294K, capacity 58948K, committed 59160K, reserved 1101824K
  class space    used 7240K, capacity 7422K, committed 7472K, reserved 1048576K
}
Event: 1670.379 GC heap before
{Heap before GC invocations=18 (full 3):
 PSYoungGen      total 658944K, used 9543K [0x000000076d100000, 0x00000007a6800000, 0x00000007c0000000)
  eden space 628224K, 0% used [0x000000076d100000,0x000000076d100000,0x0000000793680000)
  from space 30720K, 31% used [0x0000000793680000,0x0000000793fd1f58,0x0000000795480000)
  to   space 29696K, 0% used [0x00000007a4b00000,0x00000007a4b00000,0x00000007a6800000)
 ParOldGen       total 172032K, used 52832K [0x00000006c7200000, 0x00000006d1a00000, 0x000000076d100000)
  object space 172032K, 30% used [0x00000006c7200000,0x00000006ca598108,0x00000006d1a00000)
 Metaspace       used 58294K, capacity 58948K, committed 59160K, reserved 1101824K
  class space    used 7240K, capacity 7422K, committed 7472K, reserved 1048576K
Event: 1670.506 GC heap after
Heap after GC invocations=18 (full 3):
 PSYoungGen      total 658944K, used 0K [0x000000076d100000, 0x00000007a6800000, 0x00000007c0000000)
  eden space 628224K, 0% used [0x000000076d100000,0x000000076d100000,0x0000000793680000)
  from space 30720K, 0% used [0x0000000793680000,0x0000000793680000,0x0000000795480000)
  to   space 29696K, 0% used [0x00000007a4b00000,0x00000007a4b00000,0x00000007a6800000)
 ParOldGen       total 207872K, used 34754K [0x00000006c7200000, 0x00000006d3d00000, 0x000000076d100000)
  object space 207872K, 16% used [0x00000006c7200000,0x00000006c93f0950,0x00000006d3d00000)
 Metaspace       used 58294K, capacity 58948K, committed 59160K, reserved 1101824K
  class space    used 7240K, capacity 7422K, committed 7472K, reserved 1048576K
}
Event: 3252.104 GC heap before
{Heap before GC invocations=19 (full 3):
 PSYoungGen      total 658944K, used 628224K [0x000000076d100000, 0x00000007a6800000, 0x00000007c0000000)
  eden space 628224K, 100% used [0x000000076d100000,0x0000000793680000,0x0000000793680000)
  from space 30720K, 0% used [0x0000000793680000,0x0000000793680000,0x0000000795480000)
  to   space 29696K, 0% used [0x00000007a4b00000,0x00000007a4b00000,0x00000007a6800000)
 ParOldGen       total 207872K, used 34754K [0x00000006c7200000, 0x00000006d3d00000, 0x000000076d100000)
  object space 207872K, 16% used [0x00000006c7200000,0x00000006c93f0950,0x00000006d3d00000)
 Metaspace       used 62768K, capacity 63542K, committed 63896K, reserved 1105920K
  class space    used 7652K, capacity 7827K, committed 7856K, reserved 1048576K
Event: 3252.113 GC heap after
Heap after GC invocations=19 (full 3):
 PSYoungGen      total 911872K, used 9322K [0x000000076d100000, 0x00000007a7780000, 0x00000007c0000000)
  eden space 882176K, 0% used [0x000000076d100000,0x000000076d100000,0x00000007a2e80000)
  from space 29696K, 31% used [0x00000007a4b00000,0x00000007a541a8e0,0x00000007a6800000)
  to   space 29184K, 0% used [0x00000007a2e80000,0x00000007a2e80000,0x00000007a4b00000)
 ParOldGen       total 207872K, used 34762K [0x00000006c7200000, 0x00000006d3d00000, 0x000000076d100000)
  object space 207872K, 16% used [0x00000006c7200000,0x00000006c93f2950,0x00000006d3d00000)
 Metaspace       used 62768K, capacity 63542K, committed 63896K, reserved 1105920K
  class space    used 7652K, capacity 7827K, committed 7856K, reserved 1048576K
}
Event: 6186.576 GC heap before
{Heap before GC invocations=20 (full 3):
 PSYoungGen      total 911872K, used 891498K [0x000000076d100000, 0x00000007a7780000, 0x00000007c0000000)
  eden space 882176K, 100% used [0x000000076d100000,0x00000007a2e80000,0x00000007a2e80000)
  from space 29696K, 31% used [0x00000007a4b00000,0x00000007a541a8e0,0x00000007a6800000)
  to   space 29184K, 0% used [0x00000007a2e80000,0x00000007a2e80000,0x00000007a4b00000)
 ParOldGen       total 207872K, used 34762K [0x00000006c7200000, 0x00000006d3d00000, 0x000000076d100000)
  object space 207872K, 16% used [0x00000006c7200000,0x00000006c93f2950,0x00000006d3d00000)
 Metaspace       used 63238K, capacity 64054K, committed 64408K, reserved 1105920K
  class space    used 7652K, capacity 7827K, committed 7856K, reserved 1048576K
Event: 6186.617 GC heap after
Heap after GC invocations=20 (full 3):
 PSYoungGen      total 911360K, used 8465K [0x000000076d100000, 0x00000007b4880000, 0x00000007c0000000)
  eden space 882176K, 0% used [0x000000076d100000,0x000000076d100000,0x00000007a2e80000)
  from space 29184K, 29% used [0x00000007a2e80000,0x00000007a36c45d0,0x00000007a4b00000)
  to   space 28672K, 0% used [0x00000007b2c80000,0x00000007b2c80000,0x00000007b4880000)
 ParOldGen       total 207872K, used 38111K [0x00000006c7200000, 0x00000006d3d00000, 0x000000076d100000)
  object space 207872K, 18% used [0x00000006c7200000,0x00000006c9737f70,0x00000006d3d00000)
 Metaspace       used 63238K, capacity 64054K, committed 64408K, reserved 1105920K
  class space    used 7652K, capacity 7827K, committed 7856K, reserved 1048576K
}
Event: 9114.075 GC heap before
{Heap before GC invocations=21 (full 3):
 PSYoungGen      total 911360K, used 890641K [0x000000076d100000, 0x00000007b4880000, 0x00000007c0000000)
  eden space 882176K, 100% used [0x000000076d100000,0x00000007a2e80000,0x00000007a2e80000)
  from space 29184K, 29% used [0x00000007a2e80000,0x00000007a36c45d0,0x00000007a4b00000)
  to   space 28672K, 0% used [0x00000007b2c80000,0x00000007b2c80000,0x00000007b4880000)
 ParOldGen       total 207872K, used 38111K [0x00000006c7200000, 0x00000006d3d00000, 0x000000076d100000)
  object space 207872K, 18% used [0x00000006c7200000,0x00000006c9737f70,0x00000006d3d00000)
 Metaspace       used 63585K, capacity 64418K, committed 64792K, reserved 1105920K
  class space    used 7653K, capacity 7859K, committed 7984K, reserved 1048576K
Event: 9114.114 GC heap after
Heap after GC invocations=21 (full 3):
 PSYoungGen      total 1097216K, used 7233K [0x000000076d100000, 0x00000007b3400000, 0x00000007c0000000)
  eden space 1089536K, 0% used [0x000000076d100000,0x000000076d100000,0x00000007af900000)
  from space 7680K, 94% used [0x00000007b2c80000,0x00000007b33904e0,0x00000007b3400000)
  to   space 28160K, 0% used [0x00000007afd00000,0x00000007afd00000,0x00000007b1880000)
 ParOldGen       total 207872K, used 39744K [0x00000006c7200000, 0x00000006d3d00000, 0x000000076d100000)
  object space 207872K, 19% used [0x00000006c7200000,0x00000006c98d00b0,0x00000006d3d00000)
 Metaspace       used 63585K, capacity 64418K, committed 64792K, reserved 1105920K
  class space    used 7653K, capacity 7859K, committed 7984K, reserved 1048576K
}
Event: 12592.565 GC heap before
{Heap before GC invocations=22 (full 3):
 PSYoungGen      total 1097216K, used 1096769K [0x000000076d100000, 0x00000007b3400000, 0x00000007c0000000)
  eden space 1089536K, 100% used [0x000000076d100000,0x00000007af900000,0x00000007af900000)
  from space 7680K, 94% used [0x00000007b2c80000,0x00000007b33904e0,0x00000007b3400000)
  to   space 28160K, 0% used [0x00000007afd00000,0x00000007afd00000,0x00000007b1880000)
 ParOldGen       total 207872K, used 39744K [0x00000006c7200000, 0x00000006d3d00000, 0x000000076d100000)
  object space 207872K, 19% used [0x00000006c7200000,0x00000006c98d00b0,0x00000006d3d00000)
 Metaspace       used 63711K, capacity 64558K, committed 64792K, reserved 1105920K
  class space    used 7653K, capacity 7859K, committed 7984K, reserved 1048576K

